[    0.000000] Initializing cgroup subsys cpuset
[    0.000000] Initializing cgroup subsys cpu
[    0.000000] Initializing cgroup subsys cpuacct
[    0.000000] Linux version 4.4.0-210-generic (buildd@lgw01-amd64-009) (gcc version 5.4.0 20160609 (Ubuntu 5.4.0-6ubuntu1~16.04.12) ) #242-Ubuntu SMP Fri Apr 16 09:57:56 UTC 2021 (Ubuntu 4.4.0-210.242-generic 4.4.262)
[    0.000000] Command line: BOOT_IMAGE=/boot/vmlinuz-4.4.0-210-generic root=LABEL=cloudimg-rootfs ro console=tty1 console=ttyS0
[    0.000000] KERNEL supported cpus:
[    0.000000]   Intel GenuineIntel
[    0.000000]   AMD AuthenticAMD
[    0.000000]   Centaur CentaurHauls
[    0.000000] x86/fpu: xstate_offset[2]:  576, xstate_sizes[2]:  256
[    0.000000] x86/fpu: Supporting XSAVE feature 0x01: 'x87 floating point registers'
[    0.000000] x86/fpu: Supporting XSAVE feature 0x02: 'SSE registers'
[    0.000000] x86/fpu: Supporting XSAVE feature 0x04: 'AVX registers'
[    0.000000] x86/fpu: Enabled xstate features 0x7, context size is 832 bytes, using 'standard' format.
[    0.000000] e820: BIOS-provided physical RAM map:
[    0.000000] BIOS-e820: [mem 0x0000000000000000-0x000000000009fbff] usable
[    0.000000] BIOS-e820: [mem 0x000000000009fc00-0x000000000009ffff] reserved
[    0.000000] BIOS-e820: [mem 0x00000000000f0000-0x00000000000fffff] reserved
[    0.000000] BIOS-e820: [mem 0x0000000000100000-0x000000003ffeffff] usable
[    0.000000] BIOS-e820: [mem 0x000000003fff0000-0x000000003fffffff] ACPI data
[    0.000000] BIOS-e820: [mem 0x00000000fec00000-0x00000000fec00fff] reserved
[    0.000000] BIOS-e820: [mem 0x00000000fee00000-0x00000000fee00fff] reserved
[    0.000000] BIOS-e820: [mem 0x00000000fffc0000-0x00000000ffffffff] reserved
[    0.000000] NX (Execute Disable) protection: active
[    0.000000] SMBIOS 2.5 present.
[    0.000000] Hypervisor detected: KVM
[    0.000000] Kernel/User page tables isolation: disabled
[    0.000000] e820: last_pfn = 0x3fff0 max_arch_pfn = 0x400000000
[    0.000000] MTRR: Disabled
[    0.000000] x86/PAT: MTRRs disabled, skipping PAT initialization too.
[    0.000000] CPU MTRRs all blank - virtualized system.
[    0.000000] x86/PAT: Configuration [0-7]: WB  WT  UC- UC  WB  WT  UC- UC  
[    0.000000] found SMP MP-table at [mem 0x0009fff0-0x0009ffff] mapped at [ffff88000009fff0]
[    0.000000] Scanning 1 areas for low memory corruption
[    0.000000] RAMDISK: [mem 0x362dc000-0x37165fff]
[    0.000000] ACPI: Early table checksum verification disabled
[    0.000000] ACPI: RSDP 0x00000000000E0000 000024 (v02 VBOX  )
[    0.000000] ACPI: XSDT 0x000000003FFF0030 00003C (v01 VBOX   VBOXXSDT 00000001 ASL  00000061)
[    0.000000] ACPI: FACP 0x000000003FFF00F0 0000F4 (v04 VBOX   VBOXFACP 00000001 ASL  00000061)
[    0.000000] ACPI: DSDT 0x000000003FFF0610 002353 (v02 VBOX   VBOXBIOS 00000002 INTL 20100528)
[    0.000000] ACPI: FACS 0x000000003FFF0200 000040
[    0.000000] ACPI: FACS 0x000000003FFF0200 000040
[    0.000000] ACPI: APIC 0x000000003FFF0240 00005C (v02 VBOX   VBOXAPIC 00000001 ASL  00000061)
[    0.000000] ACPI: SSDT 0x000000003FFF02A0 00036C (v01 VBOX   VBOXCPUT 00000002 INTL 20100528)
[    0.000000] No NUMA configuration found
[    0.000000] Faking a node at [mem 0x0000000000000000-0x000000003ffeffff]
[    0.000000] NODE_DATA(0) allocated [mem 0x3ffeb000-0x3ffeffff]
[    0.000000] kvm-clock: Using msrs 4b564d01 and 4b564d00
[    0.000000] kvm-clock: cpu 0, msr 0:3ffe3001, primary cpu clock
[    0.000000] kvm-clock: using sched offset of 3107916147 cycles
[    0.000000] clocksource: kvm-clock: mask: 0xffffffffffffffff max_cycles: 0x1cd42e4dffb, max_idle_ns: 881590591483 ns
[    0.000000] Zone ranges:
[    0.000000]   DMA      [mem 0x0000000000001000-0x0000000000ffffff]
[    0.000000]   DMA32    [mem 0x0000000001000000-0x000000003ffeffff]
[    0.000000]   Normal   empty
[    0.000000]   Device   empty
[    0.000000] Movable zone start for each node
[    0.000000] Early memory node ranges
[    0.000000]   node   0: [mem 0x0000000000001000-0x000000000009efff]
[    0.000000]   node   0: [mem 0x0000000000100000-0x000000003ffeffff]
[    0.000000] Initmem setup node 0 [mem 0x0000000000001000-0x000000003ffeffff]
[    0.000000] ACPI: PM-Timer IO Port: 0x4008
[    0.000000] IOAPIC[0]: apic_id 2, version 32, address 0xfec00000, GSI 0-23
[    0.000000] ACPI: INT_SRC_OVR (bus 0 bus_irq 0 global_irq 2 dfl dfl)
[    0.000000] ACPI: INT_SRC_OVR (bus 0 bus_irq 9 global_irq 9 low level)
[    0.000000] Using ACPI (MADT) for SMP configuration information
[    0.000000] smpboot: Allowing 2 CPUs, 0 hotplug CPUs
[    0.000000] PM: Registered nosave memory: [mem 0x00000000-0x00000fff]
[    0.000000] PM: Registered nosave memory: [mem 0x0009f000-0x0009ffff]
[    0.000000] PM: Registered nosave memory: [mem 0x000a0000-0x000effff]
[    0.000000] PM: Registered nosave memory: [mem 0x000f0000-0x000fffff]
[    0.000000] e820: [mem 0x40000000-0xfebfffff] available for PCI devices
[    0.000000] Booting paravirtualized kernel on KVM
[    0.000000] clocksource: refined-jiffies: mask: 0xffffffff max_cycles: 0xffffffff, max_idle_ns: 7645519600211568 ns
[    0.000000] setup_percpu: NR_CPUS:512 nr_cpumask_bits:512 nr_cpu_ids:2 nr_node_ids:1
[    0.000000] PERCPU: Embedded 33 pages/cpu @ffff88003fc00000 s95192 r8192 d31784 u1048576
[    0.000000] Built 1 zonelists in Node order, mobility grouping on.  Total pages: 257912
[    0.000000] Policy zone: DMA32
[    0.000000] Kernel command line: BOOT_IMAGE=/boot/vmlinuz-4.4.0-210-generic root=LABEL=cloudimg-rootfs ro console=tty1 console=ttyS0
[    0.000000] PID hash table entries: 4096 (order: 3, 32768 bytes)
[    0.000000] Memory: 997792K/1048120K available (8644K kernel code, 1332K rwdata, 4044K rodata, 1492K init, 1164K bss, 50328K reserved, 0K cma-reserved)
[    0.000000] SLUB: HWalign=64, Order=0-3, MinObjects=0, CPUs=2, Nodes=1
[    0.000000] Hierarchical RCU implementation.
[    0.000000] 	Build-time adjustment of leaf fanout to 64.
[    0.000000] 	RCU restricting CPUs from NR_CPUS=512 to nr_cpu_ids=2.
[    0.000000] RCU: Adjusting geometry for rcu_fanout_leaf=64, nr_cpu_ids=2
[    0.000000] NR_IRQS:33024 nr_irqs:440 16
[    0.000000] Console: colour VGA+ 80x25
[    0.000000] console [tty1] enabled
[    0.000000] console [ttyS0] enabled
[    0.000000] tsc: Detected 2112.002 MHz processor
[    0.170506] Calibrating delay loop (skipped) preset value.. 4224.00 BogoMIPS (lpj=8448008)
[    0.175577] pid_max: default: 32768 minimum: 301
[    0.176593] ACPI: Core revision 20150930
[    0.178609] ACPI: 2 ACPI AML tables successfully acquired and loaded
[    0.179978] Security Framework initialized
[    0.180875] Yama: becoming mindful.
[    0.181732] AppArmor: AppArmor initialized
[    0.182682] Dentry cache hash table entries: 131072 (order: 8, 1048576 bytes)
[    0.184343] Inode-cache hash table entries: 65536 (order: 7, 524288 bytes)
[    0.190526] Mount-cache hash table entries: 2048 (order: 2, 16384 bytes)
[    0.191905] Mountpoint-cache hash table entries: 2048 (order: 2, 16384 bytes)
[    0.193453] Initializing cgroup subsys io
[    0.196577] Initializing cgroup subsys memory
[    0.198379] Initializing cgroup subsys devices
[    0.199337] Initializing cgroup subsys freezer
[    0.200857] Initializing cgroup subsys net_cls
[    0.202370] Initializing cgroup subsys perf_event
[    0.203734] Initializing cgroup subsys net_prio
[    0.205601] Initializing cgroup subsys hugetlb
[    0.206988] Initializing cgroup subsys pids
[    0.220534] mce: CPU supports 0 MCE banks
[    0.222084] Last level iTLB entries: 4KB 64, 2MB 8, 4MB 8
[    0.223521] Last level dTLB entries: 4KB 64, 2MB 0, 4MB 0, 1GB 4
[    0.225720] Spectre V1 : Mitigation: usercopy/swapgs barriers and __user pointer sanitization
[    0.229572] Spectre V2 : Mitigation: Full generic retpoline
[    0.231592] Spectre V2 : Spectre v2 / SpectreRSB mitigation: Filling RSB on context switch
[    0.234198] Speculative Store Bypass: Vulnerable
[    0.235319] SRBDS: Mitigation: TSX disabled
[    0.239108] Freeing SMP alternatives memory: 36K
[    0.247093] ftrace: allocating 32380 entries in 127 pages
[    0.311510] smpboot: APIC(0) Converting physical 0 to logical package 0
[    0.312875] smpboot: Max logical packages: 1
[    0.314154] x2apic enabled
[    0.315117] Switched APIC routing to physical x2apic.
[    0.317497] ..TIMER: vector=0x30 apic1=0 pin1=2 apic2=-1 pin2=-1
[    0.426892] smpboot: CPU0: Intel(R) Core(TM) i5-10210U CPU @ 1.60GHz (family: 0x6, model: 0x8e, stepping: 0xc)
[    0.429713] Performance Events: unsupported p6 CPU model 142 no PMU driver, software events only.
[    0.442327] KVM setup paravirtual spinlock
[    0.444202] x86: Booting SMP configuration:
[    0.445142] .... node  #0, CPUs:      #1
[    0.446184] kvm-clock: cpu 1, msr 0:3ffe3041, secondary cpu clock
[    0.460034] mce: CPU supports 0 MCE banks
[    0.462683] x86: Booted up 1 node, 2 CPUs
[    0.463879] smpboot: Total of 2 processors activated (8448.00 BogoMIPS)
[    0.465636] devtmpfs: initialized
[    0.468704] evm: security.selinux
[    0.469713] evm: security.SMACK64
[    0.470630] evm: security.SMACK64EXEC
[    0.471554] evm: security.SMACK64TRANSMUTE
[    0.472426] evm: security.SMACK64MMAP
[    0.473254] evm: security.ima
[    0.473967] evm: security.capability
[    0.475086] clocksource: jiffies: mask: 0xffffffff max_cycles: 0xffffffff, max_idle_ns: 7645041785100000 ns
[    0.477218] futex hash table entries: 512 (order: 3, 32768 bytes)
[    0.478870] pinctrl core: initialized pinctrl subsystem
[    0.480423] RTC time: 12:52:09, date: 05/15/23
[    0.485072] NET: Registered protocol family 16
[    0.497143] cpuidle: using governor ladder
[    0.509105] cpuidle: using governor menu
[    0.510053] PCCT header not found.
[    0.511171] ACPI: bus type PCI registered
[    0.512069] acpiphp: ACPI Hot Plug PCI Controller Driver version: 0.5
[    0.513496] PCI: Using configuration type 1 for base access
[    0.529555] ACPI: Added _OSI(Module Device)
[    0.530597] ACPI: Added _OSI(Processor Device)
[    0.531746] ACPI: Added _OSI(3.0 _SCP Extensions)
[    0.532739] ACPI: Added _OSI(Processor Aggregator Device)
[    0.534756] ACPI: Executed 1 blocks of module-level executable AML code
[    0.538972] ACPI: Interpreter enabled
[    0.540265] ACPI: (supports S0 S5)
[    0.541313] ACPI: Using IOAPIC for interrupt routing
[    0.542652] PCI: Using host bridge windows from ACPI; if necessary, use "pci=nocrs" and report a bug
[    0.548644] ACPI: PCI Root Bridge [PCI0] (domain 0000 [bus 00-ff])
[    0.549916] acpi PNP0A03:00: _OSC: OS supports [ASPM ClockPM Segments MSI]
[    0.551655] acpi PNP0A03:00: _OSC: not requesting OS control; OS requires [ExtendedConfig ASPM ClockPM MSI]
[    0.553759] acpi PNP0A03:00: fail to add MMCONFIG information, can't access extended PCI configuration space under this bridge.
[    0.557467] PCI host bridge to bus 0000:00
[    0.559008] pci_bus 0000:00: root bus resource [io  0x0000-0x0cf7 window]
[    0.560670] pci_bus 0000:00: root bus resource [io  0x0d00-0xffff window]
[    0.562105] pci_bus 0000:00: root bus resource [mem 0x000a0000-0x000bffff window]
[    0.563791] pci_bus 0000:00: root bus resource [mem 0x40000000-0xfdffffff window]
[    0.565460] pci_bus 0000:00: root bus resource [bus 00-ff]
[    0.568715] pci 0000:00:01.1: legacy IDE quirk: reg 0x10: [io  0x01f0-0x01f7]
[    0.570156] pci 0000:00:01.1: legacy IDE quirk: reg 0x14: [io  0x03f6]
[    0.571505] pci 0000:00:01.1: legacy IDE quirk: reg 0x18: [io  0x0170-0x0177]
[    0.572862] pci 0000:00:01.1: legacy IDE quirk: reg 0x1c: [io  0x0376]
[    0.609833] pci 0000:00:07.0: quirk: [io  0x4000-0x403f] claimed by PIIX4 ACPI
[    0.612127] pci 0000:00:07.0: quirk: [io  0x4100-0x410f] claimed by PIIX4 SMB
[    0.619602] ACPI: PCI Interrupt Link [LNKA] (IRQs 5 9 10 *11)
[    0.621410] ACPI: PCI Interrupt Link [LNKB] (IRQs 5 9 *10 11)
[    0.623085] ACPI: PCI Interrupt Link [LNKC] (IRQs 5 *9 10 11)
[    0.625429] ACPI: PCI Interrupt Link [LNKD] (IRQs 5 9 10 *11)
[    0.627220] ACPI: Enabled 2 GPEs in block 00 to 07
[    0.628689] vgaarb: setting as boot device: PCI:0000:00:02.0
[    0.629870] vgaarb: device added: PCI:0000:00:02.0,decodes=io+mem,owns=io+mem,locks=none
[    0.631696] vgaarb: loaded
[    0.632499] vgaarb: bridge control possible 0000:00:02.0
[    0.633932] SCSI subsystem initialized
[    0.634983] ACPI: bus type USB registered
[    0.635984] usbcore: registered new interface driver usbfs
[    0.637246] usbcore: registered new interface driver hub
[    0.638361] usbcore: registered new device driver usb
[    0.639747] PCI: Using ACPI for IRQ routing
[    0.641406] NetLabel: Initializing
[    0.642267] NetLabel:  domain hash size = 128
[    0.643254] NetLabel:  protocols = UNLABELED CIPSOv4
[    0.644318] NetLabel:  unlabeled traffic allowed by default
[    0.645557] amd_nb: Cannot enumerate AMD northbridges
[    0.646762] clocksource: Switched to clocksource kvm-clock
[    0.659580] AppArmor: AppArmor Filesystem Enabled
[    0.660811] pnp: PnP ACPI init
[    0.662550] pnp: PnP ACPI: found 3 devices
[    0.673481] clocksource: acpi_pm: mask: 0xffffff max_cycles: 0xffffff, max_idle_ns: 2085701024 ns
[    0.675398] NET: Registered protocol family 2
[    0.676585] TCP established hash table entries: 8192 (order: 4, 65536 bytes)
[    0.677984] TCP bind hash table entries: 8192 (order: 5, 131072 bytes)
[    0.679301] TCP: Hash tables configured (established 8192 bind 8192)
[    0.680662] UDP hash table entries: 512 (order: 2, 16384 bytes)
[    0.681835] UDP-Lite hash table entries: 512 (order: 2, 16384 bytes)
[    0.683231] NET: Registered protocol family 1
[    0.684617] pci 0000:00:00.0: Limiting direct PCI/PCI transfers
[    0.686017] pci 0000:00:01.0: Activating ISA DMA hang workarounds
[    0.691204] Unpacking initramfs...
[    1.002358] Freeing initrd memory: 14888K
[    1.003558] clocksource: tsc: mask: 0xffffffffffffffff max_cycles: 0x1e717a67afe, max_idle_ns: 440795258295 ns
[    1.005775] platform rtc_cmos: registered platform RTC device (no PNP device found)
[    1.008292] Scanning for low memory corruption every 60 seconds
[    1.010423] audit: initializing netlink subsys (disabled)
[    1.011844] audit: type=2000 audit(1684155135.062:1): initialized
[    1.013357] Initialise system trusted keyring
[    1.014582] HugeTLB registered 2 MB page size, pre-allocated 0 pages
[    1.017193] zbud: loaded
[    1.018219] VFS: Disk quotas dquot_6.6.0
[    1.019235] VFS: Dquot-cache hash table entries: 512 (order 0, 4096 bytes)
[    1.020987] squashfs: version 4.0 (2009/01/31) Phillip Lougher
[    1.026029] fuse init (API version 7.23)
[    1.027368] Key type big_key registered
[    1.028421] Allocating IMA MOK and blacklist keyrings.
[    1.031646] Key type asymmetric registered
[    1.032733] Asymmetric key parser 'x509' registered
[    1.033885] Block layer SCSI generic (bsg) driver version 0.4 loaded (major 249)
[    1.035989] io scheduler noop registered
[    1.036923] io scheduler deadline registered (default)
[    1.038079] io scheduler cfq registered
[    1.039176] pci_hotplug: PCI Hot Plug PCI Core version: 0.5
[    1.040359] pciehp: PCI Express Hot Plug Controller Driver version: 0.4
[    1.041922] ACPI: AC Adapter [AC] (on-line)
[    1.042954] input: Power Button as /devices/LNXSYSTM:00/LNXPWRBN:00/input/input0
[    1.044656] ACPI: Power Button [PWRF]
[    1.045616] input: Sleep Button as /devices/LNXSYSTM:00/LNXSLPBN:00/input/input1
[    1.047506] ACPI: Sleep Button [SLPF]
[    1.048683] GHES: HEST is not enabled!
[    1.049364] ACPI: Battery Slot [BAT0] (battery present)
[    1.051085] Serial: 8250/16550 driver, 32 ports, IRQ sharing enabled
[    1.073169] 00:02: ttyS0 at I/O 0x3f8 (irq = 4, base_baud = 115200) is a 16550A
[    1.077985] Linux agpgart interface v0.103
[    1.080953] loop: module loaded
[    1.082258] scsi host0: ata_piix
[    1.083175] scsi host1: ata_piix
[    1.083982] ata1: PATA max UDMA/33 cmd 0x1f0 ctl 0x3f6 bmdma 0xd000 irq 14
[    1.085523] ata2: PATA max UDMA/33 cmd 0x170 ctl 0x376 bmdma 0xd008 irq 15
[    1.087493] libphy: Fixed MDIO Bus: probed
[    1.088504] tun: Universal TUN/TAP device driver, 1.6
[    1.089661] tun: (C) 1999-2004 Max Krasnyansky <maxk@qualcomm.com>
[    1.091237] PPP generic driver version 2.4.2
[    1.092465] ehci_hcd: USB 2.0 'Enhanced' Host Controller (EHCI) Driver
[    1.093792] ehci-pci: EHCI PCI platform driver
[    1.094831] ehci-platform: EHCI generic platform driver
[    1.096242] ohci_hcd: USB 1.1 'Open' Host Controller (OHCI) Driver
[    1.097612] ohci-pci: OHCI PCI platform driver
[    1.098660] ohci-platform: OHCI generic platform driver
[    1.099916] uhci_hcd: USB Universal Host Controller Interface driver
[    1.101412] i8042: PNP: PS/2 Controller [PNP0303:PS2K,PNP0f03:PS2M] at 0x60,0x64 irq 1,12
[    1.103807] serio: i8042 KBD port at 0x60,0x64 irq 1
[    1.104856] serio: i8042 AUX port at 0x60,0x64 irq 12
[    1.106199] mousedev: PS/2 mouse device common for all mice
[    1.108302] input: AT Translated Set 2 keyboard as /devices/platform/i8042/serio0/input/input2
[    1.110681] rtc_cmos rtc_cmos: rtc core: registered rtc_cmos as rtc0
[    1.112048] rtc_cmos rtc_cmos: alarms up to one day, 114 bytes nvram
[    1.113402] i2c /dev entries driver
[    1.114294] device-mapper: uevent: version 1.0.3
[    1.115476] device-mapper: ioctl: 4.34.0-ioctl (2015-10-28) initialised: dm-devel@redhat.com
[    1.117589] ledtrig-cpu: registered to indicate activity on CPUs
[    1.119487] NET: Registered protocol family 10
[    1.120841] NET: Registered protocol family 17
[    1.121931] Key type dns_resolver registered
[    1.123391] registered taskstats version 1
[    1.124336] Loading compiled-in X.509 certificates
[    1.125954] Loaded X.509 cert 'Build time autogenerated kernel key: cf00e047681d67edb2720680708b7d9498083038'
[    1.128753] zswap: loaded using pool lzo/zbud
[    1.131824] Key type trusted registered
[    1.135511] Key type encrypted registered
[    1.136585] AppArmor: AppArmor sha1 policy hashing enabled
[    1.137747] ima: No TPM chip found, activating TPM-bypass!
[    1.139011] ima: Allocated hash algorithm: sha1
[    1.140105] evm: HMAC attrs: 0x1
[    1.141238]   Magic number: 7:731:885
[    1.142214] rtc_cmos rtc_cmos: setting system clock to 2023-05-15 12:52:10 UTC (1684155130)
[    1.144236] BIOS EDD facility v0.16 2004-Jun-25, 0 devices found
[    1.145466] EDD information not available.
[    1.267443] Freeing unused kernel memory: 1492K
[    1.268755] Write protecting the kernel read-only data: 14336k
[    1.270943] Freeing unused kernel memory: 1584K
[    1.272150] Freeing unused kernel memory: 52K
Loading, please wait...
starting version 229
[    1.286272] random: systemd-udevd: uninitialized urandom read (16 bytes read, 3 bits of entropy available)
[    1.287286] random: udevadm: uninitialized urandom read (16 bytes read, 3 bits of entropy available)
[    1.287330] random: udevadm: uninitialized urandom read (16 bytes read, 3 bits of entropy available)
[    1.293983] random: systemd-udevd: uninitialized urandom read (16 bytes read, 3 bits of entropy available)
[    1.294925] random: udevadm: uninitialized urandom read (16 bytes read, 3 bits of entropy available)
[    1.294980] random: udevadm: uninitialized urandom read (16 bytes read, 3 bits of entropy available)
[    1.295111] random: udevadm: uninitialized urandom read (16 bytes read, 3 bits of entropy available)
[    1.295157] random: udevadm: uninitialized urandom read (16 bytes read, 3 bits of entropy available)
[    1.295207] random: udevadm: uninitialized urandom read (16 bytes read, 3 bits of entropy available)
[    1.295263] random: udevadm: uninitialized urandom read (16 bytes read, 3 bits of entropy available)
[    1.342414] e1000: Intel(R) PRO/1000 Network Driver - version 7.3.21-k8-NAPI
[    1.344217] e1000: Copyright (c) 1999-2006 Intel Corporation.
[    1.350764] Fusion MPT base driver 3.04.20
[    1.351996] Copyright (c) 1999-2008 LSI Corporation
[    1.369790] Fusion MPT SPI Host driver 3.04.20
[    1.375515] AVX2 version of gcm_enc/dec engaged.
[    1.376678] AES CTR mode by8 optimization enabled
[    1.562852] input: ImExPS/2 Generic Explorer Mouse as /devices/platform/i8042/serio1/input/input4
[    1.747641] e1000 0000:00:03.0 eth0: (PCI:33MHz:32-bit) 02:be:82:6b:cc:1d
[    1.749314] e1000 0000:00:03.0 eth0: Intel(R) PRO/1000 Network Connection
[    1.752421] e1000 0000:00:03.0 enp0s3: renamed from eth0
[    1.753660] mptbase: ioc0: Initiating bringup
[    1.831368] ioc0: LSI53C1030 A0: Capabilities={Initiator}
[    1.993625] scsi host2: ioc0: LSI53C1030 A0, FwRev=00000000h, Ports=1, MaxQ=256, IRQ=20
[    2.119993] scsi 2:0:0:0: Direct-Access     VBOX     HARDDISK         1.0  PQ: 0 ANSI: 5
[    2.122400] scsi target2:0:0: Beginning Domain Validation
[    2.125152] scsi target2:0:0: Domain Validation skipping write tests
[    2.126929] scsi target2:0:0: Ending Domain Validation
[    2.128639] scsi target2:0:0: asynchronous
[    2.131332] scsi 2:0:1:0: Direct-Access     VBOX     HARDDISK         1.0  PQ: 0 ANSI: 5
[    2.134033] scsi target2:0:1: Beginning Domain Validation
[    2.137441] scsi target2:0:1: Domain Validation skipping write tests
[    2.139825] scsi target2:0:1: Ending Domain Validation
[    2.141795] scsi target2:0:1: asynchronous
[    2.168815] sd 2:0:0:0: Attached scsi generic sg0 type 0
[    2.171430] sd 2:0:0:0: [sda] 83886080 512-byte logical blocks: (42.9 GB/40.0 GiB)
[    2.175789] sd 2:0:1:0: [sdb] 20480 512-byte logical blocks: (10.5 MB/10.0 MiB)
[    2.175828] sd 2:0:1:0: Attached scsi generic sg1 type 0
[    2.179333] sd 2:0:0:0: [sda] Write Protect is off
[    2.179572] sd 2:0:0:0: [sda] Incomplete mode parameter data
[    2.179574] sd 2:0:0:0: [sda] Assuming drive cache: write through
[    2.185770]  sda: sda1
[    2.189054] sd 2:0:0:0: [sda] Attached SCSI disk
[    2.210895] sd 2:0:1:0: [sdb] Write Protect is off
[    2.215539] sd 2:0:1:0: [sdb] Incomplete mode parameter data
[    2.217398] sd 2:0:1:0: [sdb] Assuming drive cache: write through
[    2.224666] sd 2:0:1:0: [sdb] Attached SCSI disk
Begin: Loading essential drivers ... [    4.008068] md: linear personality registered for level -1
[    4.010772] md: multipath personality registered for level -4
[    4.014052] md: raid0 personality registered for level 0
[    4.017897] md: raid1 personality registered for level 1
[    4.090895] raid6: sse2x1   gen()  9533 MB/s
[    4.159659] raid6: sse2x1   xor()  6714 MB/s
[    4.226984] raid6: sse2x2   gen() 11630 MB/s
[    4.295012] raid6: sse2x2   xor()  8824 MB/s
[    4.362968] raid6: sse2x4   gen() 13167 MB/s
[    4.431460] raid6: sse2x4   xor()  8236 MB/s
[    4.498780] raid6: avx2x1   gen() 18074 MB/s
[    4.566887] raid6: avx2x2   gen() 16912 MB/s
[    4.635449] raid6: avx2x4   gen() 23939 MB/s
[    4.636554] raid6: using algorithm avx2x4 gen() 23939 MB/s
[    4.638331] raid6: using avx2x2 recovery algorithm
[    4.640660] xor: automatically using best checksumming function:
[    4.679036]    avx       : 20628.000 MB/sec
[    4.681231] async_tx: api initialized (async)
[    4.693890] md: raid6 personality registered for level 6
[    4.695246] md: raid5 personality registered for level 5
[    4.697170] md: raid4 personality registered for level 4
[    4.707300] md: raid10 personality registered for level 10
done.
Begin: Running /scripts/init-premount ... done.
Begin: Mounting root file system ... Begin: Running /scripts/local-top ... done.
Begin: Running /scripts/local-premount ... [    4.747900] Btrfs loaded
Scanning for Btrfs filesystems
done.
Warning: fsck not present, so skipping root file system
[    4.779207] EXT4-fs (sda1): INFO: recovery required on readonly filesystem
[    4.780628] EXT4-fs (sda1): write access will be enabled during recovery
[    4.830821] EXT4-fs (sda1): recovery complete
[    4.832036] EXT4-fs (sda1): mounted filesystem with ordered data mode. Opts: (null)
done.
Begin: Running /scripts/local-bottom ... done.
Begin: Running /scripts/init-bottom ... done.
[    4.920911] systemd[1]: systemd 229 running in system mode. (+PAM +AUDIT +SELINUX +IMA +APPARMOR +SMACK +SYSVINIT +UTMP +LIBCRYPTSETUP +GCRYPT +GNUTLS +ACL +XZ -LZ4 +SECCOMP +BLKID +ELFUTILS +KMOD -IDN)
[    4.924630] systemd[1]: Detected virtualization oracle.
[    4.925958] systemd[1]: Detected architecture x86-64.

Welcome to [1mUbuntu 16.04.7 LTS[0m!

[    4.930163] systemd[1]: Set hostname to <ubuntu-xenial>.
[    5.069062] systemd[1]: Created slice User and Session Slice.
[[0;32m  OK  [0m] Created slice User and Session Slice.
[    5.072102] systemd[1]: Reached target Encrypted Volumes.
[[0;32m  OK  [0m] Reached target Encrypted Volumes.
[    5.074444] systemd[1]: Started Forward Password Requests to Wall Directory Watch.
[[0;32m  OK  [0m] Started Forward Password Requests to Wall Directory Watch.
[    5.078134] systemd[1]: Listening on /dev/initctl Compatibility Named Pipe.
[[0;32m  OK  [0m] Listening on /dev/initctl Compatibility Named Pipe.
[    5.080954] systemd[1]: Listening on Syslog Socket.
[[0;32m  OK  [0m] Listening on Syslog Socket.
[    5.083032] systemd[1]: Reached target System Time Synchronized.
[[0;32m  OK  [0m] Reached target System Time Synchronized.
[    5.085719] systemd[1]: Listening on Journal Audit Socket.
[[0;32m  OK  [0m] Listening on Journal Audit Socket.
[    5.088400] systemd[1]: Set up automount Arbitrary Executable File Formats File System Automount Point.
[[0;32m  OK  [0m] Set up automount Arbitrary Executab...ats File System Automount Point.
[    5.091874] systemd[1]: Reached target User and Group Name Lookups.
[[0;32m  OK  [0m] Reached target User and Group Name Lookups.
[    5.094276] systemd[1]: Listening on udev Kernel Socket.
[[0;32m  OK  [0m] Listening on udev Kernel Socket.
[    5.096555] systemd[1]: Listening on LVM2 metadata daemon socket.
[[0;32m  OK  [0m] Listening on LVM2 metadata daemon socket.
[    5.099051] systemd[1]: Listening on udev Control Socket.
[[0;32m  OK  [0m] Listening on udev Control Socket.
[    5.101438] systemd[1]: Created slice System Slice.
[[0;32m  OK  [0m] Created slice System Slice.
[    5.103746] systemd[1]: Created slice system-serial\x2dgetty.slice.
[[0;32m  OK  [0m] Created slice system-serial\x2dgetty.slice.
[    5.105995] systemd[1]: Reached target Swap.
[[0;32m  OK  [0m] Reached target Swap.
[    5.108068] systemd[1]: Listening on Journal Socket.
[[0;32m  OK  [0m] Listening on Journal Socket.
[    5.127081] systemd[1]: Mounting Huge Pages File System...
         Mounting Huge Pages File System...
[    5.130406] systemd[1]: Starting Uncomplicated firewall...
         Starting Uncomplicated firewall...
[    5.133480] systemd[1]: Starting Set console keymap...
         Starting Set console keymap...
[    5.137805] systemd[1]: Mounting POSIX Message Queue File System...
         Mounting POSIX Message Queue File System...
[    5.144272] systemd[1]: Starting Create list of required static device nodes for the current kernel...
         Starting Create list of required st... nodes for the current kernel...
[    5.149107] systemd[1]: Listening on fsck to fsckd communication Socket.
[[0;32m  OK  [0m] Listening on fsck to fsckd communication Socket.
[    5.152982] systemd[1]: Listening on Journal Socket (/dev/log).
[[0;32m  OK  [0m] Listening on Journal Socket (/dev/log).
[    5.175208] systemd[1]: Starting Journal Service...
         Starting Journal Service...
[    5.177857] systemd[1]: Started Trigger resolvconf update for networkd DNS.
[[0;32m  OK  [0m] Started Trigger resolvconf update for networkd DNS.
[    5.183014] systemd[1]: Listening on Device-mapper event daemon FIFOs.
[[0;32m  OK  [0m] Listening on Device-mapper event daemon FIFOs.
[    5.192775] systemd[1]: Starting Load Kernel Modules...
         Starting Load Kernel Modules...
[    5.195914] systemd[1]: Starting File System Check on Root Device...
         Starting File System Check on Root Device...
[    5.198243] systemd[1]: Reached target Slices.
[[0;32m  OK  [0m] Reached target Slices.
[    5.200981] systemd[1]: Starting Nameserver information manager...
         Starting Nameserver information manager...
[    5.203456] systemd[1]: Listening on LVM2 poll daemon socket.
[[0;32m  OK  [0m] Listening on LVM2 poll daemon socket.
[    5.207399] systemd[1]: Starting Monitoring of LVM2 mirrors, snapshots etc. using dmeventd or progress polling...
[    5.210573] Loading iSCSI transport class v2.0-870.
         Starting Monitoring of LVM2 mirrors... dmeventd or progress polling...
[    5.221323] systemd[1]: Mounting Debug File System...
         Mounting Debug File System...
[    5.225275] systemd[1]: Mounted Huge Pages File System.
[[0;32m  OK  [0m] Mounted Huge Pages File System.
[    5.228112] systemd[1]: Mounted POSIX Message Queue File System.
[[0;32m  OK  [0m] Mounted POSIX Message Queue File System.
[    5.230742] systemd[1]: Mounted Debug File System.
[[0;32m  OK  [0m] Mounted Debug File System.
[    5.235667] systemd[1]: Started Uncomplicated firewall.
[[0;32m  OK  [0m] Started Uncomplicated firewall.
[    5.239355] systemd[1]: Started Set console keymap.
[[0;32m  OK  [0m] Started Set console keymap.
[    5.242605] systemd[1]: Started Create list of required static device nodes for the current kernel.
[[0;32m  OK  [0m] Started Create list of required sta...ce nodes for the current kernel.
[    5.248687] systemd[1]: Started File System Check on Root Device.
[[0;32m  OK  [0m] Started File System Check on Root Device.
[    5.255997] iscsi: registered transport (tcp)
[    5.261730] systemd[1]: Started Journal Service.
[[0;32m  OK  [0m] Started Journal Service.
[[0;32m  OK  [0m] Started Nameserver information manager.
[[0;32m  OK  [0m] Started LVM2 metadata daemon.
[[0;32m  OK  [0m] Started File System Check Daemon to report status.
         Starting Remount Root and Kernel File Systems...
         Starting Create Static Device Nodes in /dev...
[    5.282313] EXT4-fs (sda1): re-mounted. Opts: (null)
[[0;32m  OK  [0m] Started Remount Root and Kernel File Systems.
         Starting Flush Journal to Persistent Storage...
         Starting Load/Save Random Seed...
         Starting udev Coldplug all Devices...
[[0;32m  OK  [0m] Started Load/Save Random Seed.
[    5.311863] systemd-journald[381]: Received request to flush runtime journal from PID 1
[[0;32m  OK  [0m] Started Flush Journal to Persistent Storage.
[    5.326742] iscsi: registered transport (iser)
[[0;32m  OK  [0m] Started Load Kernel Modules.
[[0;32m  OK  [0m] Started Create Static Device Nodes in /dev.
         Starting udev Kernel Device Manager...
         Mounting FUSE Control File System...
         Starting Apply Kernel Variables...
[[0;32m  OK  [0m] Mounted FUSE Control File System.
[[0;32m  OK  [0m] Started Apply Kernel Variables.
[[0;32m  OK  [0m] Started udev Coldplug all Devices.
[[0;32m  OK  [0m] Started udev Kernel Device Manager.
[[0;32m  OK  [0m] Started Dispatch Password Requests to Console Directory Watch.
[[0;32m  OK  [0m] Found device /dev/ttyS0.
[[0;32m  OK  [0m] Listening on Load/Save RF Kill Switch Status /dev/rfkill Watch.
[[0;32m  OK  [0m] Started Monitoring of LVM2 mirrors,...ng dmeventd or progress polling.
[[0;32m  OK  [0m] Reached target Local File Systems (Pre).
[[0;32m  OK  [0m] Reached target Local File Systems.
         Starting LSB: AppArmor initialization...
         Starting Create Volatile Files and Directories...
         Starting Initial cloud-init job (pre-networking)...
         Starting Tell Plymouth To Write Out Runtime Data...
         Starting Set console font and keymap...
[[0;32m  OK  [0m] Started Create Volatile Files and Directories.
         Starting Update UTMP about System Boot/Shutdown...
[[0;32m  OK  [0m] Found device 82540EM Gigabit Ethern...r (PRO/1000 MT Desktop Adapter).
[[0;32m  OK  [0m] Started Tell Plymouth To Write Out Runtime Data.
[[0;32m  OK  [0m] Started Update UTMP about System Boot/Shutdown.
[[0;32m  OK  [0m] Started LSB: AppArmor initialization.
         Starting Load AppArmor profiles managed internally by snapd...
[[0;32m  OK  [0m] Started Load AppArmor profiles managed internally by snapd.
[[0;32m  OK  [0m] Started Set console font and keymap.
[[0;32m  OK  [0m] Created slice system-getty.slice.
[    7.125024] cloud-init[618]: Cloud-init v. 21.1-19-gbad84ad4-0ubuntu1~16.04.2 running 'init-local' at Mon, 15 May 2023 12:52:16 +0000. Up 6.84 seconds.
[[0;32m  OK  [0m] Started Initial cloud-init job (pre-networking).
[[0;32m  OK  [0m] Reached target Network (Pre).
         Starting Raise network interfaces...
[[0;32m  OK  [0m] Started ifup for enp0s3.
[[0;32m  OK  [0m] Started Raise network interfaces.
[[0;32m  OK  [0m] Reached target Network.
         Starting Initial cloud-init job (metadata service crawler)...
[    8.258960] cloud-init[974]: Cloud-init v. 21.1-19-gbad84ad4-0ubuntu1~16.04.2 running 'init' at Mon, 15 May 2023 12:52:17 +0000. Up 7.97 seconds.
[    8.264525] cloud-init[974]: ci-info: ++++++++++++++++++++++++++++++++++++++Net device info++++++++++++++++++++++++++++++++++++++
[    8.266311] cloud-init[974]: ci-info: +--------+------+----------------------------+---------------+--------+-------------------+
[    8.268282] cloud-init[974]: ci-info: | Device |  Up  |          Address           |      Mask     | Scope  |     Hw-Address    |
[    8.270044] cloud-init[974]: ci-info: +--------+------+----------------------------+---------------+--------+-------------------+
[    8.271883] cloud-init[974]: ci-info: | enp0s3 | True |         10.0.2.15          | 255.255.255.0 | global | 02:be:82:6b:cc:1d |
[    8.273721] cloud-init[974]: ci-info: | enp0s3 | True | fe80::be:82ff:fe6b:cc1d/64 |       .       |  link  | 02:be:82:6b:cc:1d |
[    8.275385] cloud-init[974]: ci-info: |   lo   | True |         127.0.0.1          |   255.0.0.0   |  host  |         .         |
[    8.277212] cloud-init[974]: ci-info: |   lo   | True |          ::1/128           |       .       |  host  |         .         |
[    8.279085] cloud-init[974]: ci-info: +--------+------+----------------------------+---------------+--------+-------------------+
[    8.280837] cloud-init[974]: ci-info: +++++++++++++++++++++++++++Route IPv4 info++++++++++++++++++++++++++++
[    8.282562] cloud-init[974]: ci-info: +-------+-------------+----------+---------------+-----------+-------+
[    8.292371] cloud-init[974]: ci-info: | Route | Destination | Gateway  |    Genmask    | Interface | Flags |
[    8.300707] cloud-init[974]: ci-info: +-------+-------------+----------+---------------+-----------+-------+
[    8.308878] cloud-init[974]: ci-info: |   0   |   0.0.0.0   | 10.0.2.2 |    0.0.0.0    |   enp0s3  |   UG  |
[    8.310561] cloud-init[974]: ci-info: |   1   |   10.0.2.0  | 0.0.0.0  | 255.255.255.0 |   enp0s3  |   U   |
[    8.317942] cloud-init[974]: ci-info: +-------+-------------+----------+---------------+-----------+-------+
[    8.319856] cloud-init[974]: ci-info: +++++++++++++++++++Route IPv6 info+++++++++++++++++++
[    8.329021] cloud-init[974]: ci-info: +-------+-------------+---------+-----------+-------+
[    8.330618] cloud-init[974]: ci-info: | Route | Destination | Gateway | Interface | Flags |
[    8.331763] cloud-init[974]: ci-info: +-------+-------------+---------+-----------+-------+
[    8.340662] cloud-init[974]: ci-info: |   0   |  fe80::/64  |    ::   |   enp0s3  |   U   |
[    8.341720] cloud-init[974]: ci-info: |   3   |   ff00::/8  |    ::   |   enp0s3  |   U   |
[    8.352411] [cloud-init[0;32m  OK  [0m[974]: ] ci-info: +-------+-------------+---------+-----------+-------+Started Initial cloud-init job (metadata service crawler).

[[0;32m  OK  [0m] Reached target System Initialization.
[[0;32m  OK  [0m] Started ACPI Events Check.
[[0;32m  OK  [0m] Reached target Paths.
[[0;32m  OK  [0m] Started Ubuntu Advantage update messaging.
[[0;32m  OK  [0m] Started Message of the Day.
[[0;32m  OK  [0m] Listening on D-Bus System Message Bus Socket.
         Starting Socket activation for snappy daemon.
[[0;32m  OK  [0m] Listening on ACPID Listen Socket.
[[0;32m  OK  [0m] Listening on UUID daemon activation socket.
[[0;32m  OK  [0m] Started Daily Cleanup of Temporary Directories.
[[0;32m  OK  [0m] Started Daily apt download activities.
[[0;32m  OK  [0m] Started Daily apt upgrade and clean activities.
[[0;32m  OK  [0m] Reached target Timers.
         Starting LXD - unix socket.
[[0;32m  OK  [0m] Reached target Network is Online.
         Starting iSCSI initiator daemon (iscsid)...
[[0;32m  OK  [0m] Reached target Cloud-config availability.
[[0;32m  OK  [0m] Listening on Socket activation for snappy daemon.
[[0;32m  OK  [0m] Listening on LXD - unix socket.
[[0;32m  OK  [0m] Reached target Sockets.
[[0;32m  OK  [0m] Reached target Basic System.
[[0;32m  OK  [0m] Started ACPI event daemon.
         Starting LSB: Record successful boot for GRUB...
         Starting LSB: MD monitoring daemon...
[[0;32m  OK  [0m] Started Deferred execution scheduler.
[[0;32m  OK  [0m] Started D-Bus System Message Bus.
[[0;32m  OK  [0m] Started FUSE filesystem for LXC.
         Starting Virtualbox guest utils...
         Starting System Logging Service...
         Starting OpenBSD Secure Shell server...
         Starting /etc/rc.local Compatibility...
[[0;32m  OK  [0m] Started Regular background program processing daemon.
         Starting Accounts Service...
         Starting Login Service...
         Starting Snap Daemon...
         Starting LXD - container startup/shutdown...
[[0;32m  OK  [0m] Started iSCSI initiator daemon (iscsid).
[[0;32m  OK  [0m] Started /etc/rc.local Compatibility.
[[0;32m  OK  [0m] Started System Logging Service.
         Starting Login to default iSCSI targets...
[[0;32m  OK  [0m] Started Login Service.
[[0;32m  OK  [0m] Started Unattended Upgrades Shutdown.
[[0;32m  OK  [0m] Started LSB: Record successful boot for GRUB.
[[0;32m  OK  [0m] Started LSB: MD monitoring daemon.
[[0;32m  OK  [0m] Started Login to default iSCSI targets.
[[0;32m  OK  [0m] Reached target Remote File Systems (Pre).
         Mounting /vagrant...
[[0;1;31mFAILED[0m] Failed to mount /vagrant.
See 'systemctl status vagrant.mount' for details.
[[0;1;33mDEPEND[0m] Dependency failed for Remote File Systems.
         Starting LSB: automatic crash report generation...
         Starting LSB: Set the CPU Frequency Scaling governor to "ondemand"...
         Starting Permit User Sessions...
         Starting LSB: daemon to balance interrupts for SMP systems...
[[0;32m  OK  [0m] Started Permit User Sessions.
[[0;32m  OK  [0m] Started LXD - container startup/shutdown.
         Starting Terminate Plymouth Boot Screen...
         Starting Hold until boot process finishes up...
[[0;32m  OK  [0m] Started Hold until boot process finishes up.
[[0;32m  OK  [0m] Started OpenBSD Secure Shell server.
[[0;32m  OK  [0m] Started Terminate Plymouth Boot Screen.
[[0;32m  OK  [0m] Started Getty on tty1.
[[0;32m  OK  [0m] Started Serial Getty on ttyS0.
[[0;32m  OK  [0m] Reached target Login Prompts.
         Starting Set console scheme...
[[0;32m  OK  [0m] Started LSB: Set the CPU Frequency Scaling governor to "ondemand".
[[0;32m  OK  [0m] Started Set console scheme.
[[0;32m  OK  [0m] Started LSB: automatic crash report generation.
[[0;32m  OK  [0m] Started LSB: daemon to balance interrupts for SMP systems.
         Starting Authenticate and Authorize Users to Run Privileged Tasks...
[[0;32m  OK  [0m] Started Authenticate and Authorize Users to Run Privileged Tasks.
[[0;32m  OK  [0m] Started Virtualbox guest utils.
[[0;32m  OK  [0m] Started Accounts Service.
[[0;32m  OK  [0m] Started Snap Daemon.
         Starting Wait until snapd is fully seeded...
[[0;32m  OK  [0m] Started Wait until snapd is fully seeded.
         Starting Apply the settings specified in cloud-config...
[[0;32m  OK  [0m] Reached target Multi-User System.
[[0;32m  OK  [0m] Reached target Graphical Interface.
         Starting Update UTMP about System Runlevel Changes...
[[0;32m  OK  [0m] Started Update UTMP about System Runlevel Changes.
[    9.582570] cloud-init[1232]: Cloud-init v. 21.1-19-gbad84ad4-0ubuntu1~16.04.2 running 'modules:config' at Mon, 15 May 2023 12:52:19 +0000. Up 9.45 seconds.
[[0;32m  OK  [0m] Started Apply the settings specified in cloud-config.
         Starting Execute cloud user/final scripts...
[   10.091962] cloud-init[1246]: Cloud-init v. 21.1-19-gbad84ad4-0ubuntu1~16.04.2 running 'modules:final' at Mon, 15 May 2023 12:52:19 +0000. Up 9.99 seconds.
[   10.093960] cloud-init[1246]: Cloud-init v. 21.1-19-gbad84ad4-0ubuntu1~16.04.2 finished at Mon, 15 May 2023 12:52:19 +0000. Datasource DataSourceNoCloud [seed=/dev/sdb][dsmode=net].  Up 10.08 seconds
[[0;32m  OK  [0m] Started Execute cloud user/final scripts.
[[0;32m  OK  [0m] Reached target Cloud-init target.

Ubuntu 16.04.7 LTS ubuntu-xenial ttyS0

ubuntu-xenial login: 